  pch.cpp
  RPNTests.cpp
     Создается библиотека C:\Users\Solidius Signum\source\repos\RPN-and-ds-implementation-master\x64\Debug\RPNTests.lib и объект C:\Users\Solidius Signum\source\repos\RPN-and-ds-implementation-master\x64\Debug\RPNTests.exp
RPNTests.obj : error LNK2019: ссылка на неразрешенный внешний символ "int __cdecl ischar(int)" (?ischar@@YAHH@Z) в функции "public: void __cdecl RPNTests::RPNTests::TestMethod1(void)" (?TestMethod1@RPNTests@1@QEAAXXZ).
C:\Users\Solidius Signum\source\repos\RPN-and-ds-implementation-master\x64\Debug\RPNTests.dll : fatal error LNK1120: неразрешенных внешних элементов: 1
